2025-01-29T08:20:46.221+01:00  INFO 30336 --- [Hackathon] [restartedMain] r.n.datastorage.DataStorageApplication   : Starting DataStorageApplication using Java 21.0.6 with PID 30336 (C:\Users\Kirill\Projects\razrabotka-telegram-bota-dlya-avtomatizacii-processa-sbora-zayavok-na-obuchenie-6462\develop\backend\data-storage\target\classes started by Kirill in C:\Users\Kirill\Projects\razrabotka-telegram-bota-dlya-avtomatizacii-processa-sbora-zayavok-na-obuchenie-6462)
2025-01-29T08:20:46.232+01:00 DEBUG 30336 --- [Hackathon] [restartedMain] r.n.datastorage.DataStorageApplication   : Running with Spring Boot v3.3.5, Spring v6.1.14
2025-01-29T08:20:46.233+01:00  INFO 30336 --- [Hackathon] [restartedMain] r.n.datastorage.DataStorageApplication   : The following 1 profile is active: "prod"
2025-01-29T08:20:46.279+01:00  INFO 30336 --- [Hackathon] [restartedMain] .e.DevToolsPropertyDefaultsPostProcessor : Devtools property defaults active! Set 'spring.devtools.add-properties' to 'false' to disable
2025-01-29T08:20:46.279+01:00  INFO 30336 --- [Hackathon] [restartedMain] .e.DevToolsPropertyDefaultsPostProcessor : For additional web related logging consider setting the 'logging.level.web' property to 'DEBUG'
2025-01-29T08:20:46.591+01:00  INFO 30336 --- [Hackathon] [restartedMain] .s.d.r.c.RepositoryConfigurationDelegate : Bootstrapping Spring Data JPA repositories in DEFAULT mode.
2025-01-29T08:20:46.622+01:00  INFO 30336 --- [Hackathon] [restartedMain] .s.d.r.c.RepositoryConfigurationDelegate : Finished Spring Data repository scanning in 25 ms. Found 3 JPA repository interfaces.
2025-01-29T08:20:47.105+01:00  INFO 30336 --- [Hackathon] [restartedMain] o.s.b.w.embedded.tomcat.TomcatWebServer  : Tomcat initialized with port 8081 (http)
2025-01-29T08:20:47.114+01:00  INFO 30336 --- [Hackathon] [restartedMain] o.apache.catalina.core.StandardService   : Starting service [Tomcat]
2025-01-29T08:20:47.114+01:00  INFO 30336 --- [Hackathon] [restartedMain] o.apache.catalina.core.StandardEngine    : Starting Servlet engine: [Apache Tomcat/10.1.31]
2025-01-29T08:20:47.146+01:00  INFO 30336 --- [Hackathon] [restartedMain] o.a.c.c.C.[Tomcat].[localhost].[/]       : Initializing Spring embedded WebApplicationContext
2025-01-29T08:20:47.147+01:00  INFO 30336 --- [Hackathon] [restartedMain] w.s.c.ServletWebServerApplicationContext : Root WebApplicationContext: initialization completed in 868 ms
2025-01-29T08:20:47.163+01:00  INFO 30336 --- [Hackathon] [restartedMain] com.zaxxer.hikari.HikariDataSource       : HikariPool-1 - Starting...
2025-01-29T08:20:47.273+01:00  INFO 30336 --- [Hackathon] [restartedMain] com.zaxxer.hikari.pool.HikariPool        : HikariPool-1 - Added connection org.postgresql.jdbc.PgConnection@395d9361
2025-01-29T08:20:47.279+01:00  INFO 30336 --- [Hackathon] [restartedMain] com.zaxxer.hikari.HikariDataSource       : HikariPool-1 - Start completed.
2025-01-29T08:20:47.285+01:00  INFO 30336 --- [Hackathon] [restartedMain] o.s.b.a.h2.H2ConsoleAutoConfiguration    : H2 console available at '/h2-console'. Database available at 'jdbc:postgresql://localhost:5432/postgres'
2025-01-29T08:20:47.603+01:00  INFO 30336 --- [Hackathon] [restartedMain] liquibase.database                       : Set default schema name to public
2025-01-29T08:20:47.895+01:00  INFO 30336 --- [Hackathon] [restartedMain] liquibase.changelog                      : Reading from public.databasechangelog
2025-01-29T08:20:47.920+01:00  INFO 30336 --- [Hackathon] [restartedMain] liquibase.ui                             : Database is up to date, no changesets to execute
2025-01-29T08:20:47.921+01:00  INFO 30336 --- [Hackathon] [restartedMain] liquibase.changelog                      : Reading from public.databasechangelog
2025-01-29T08:20:47.928+01:00  INFO 30336 --- [Hackathon] [restartedMain] liquibase.util                           : UPDATE SUMMARY
2025-01-29T08:20:47.928+01:00  INFO 30336 --- [Hackathon] [restartedMain] liquibase.util                           : Run:                          0
2025-01-29T08:20:47.928+01:00  INFO 30336 --- [Hackathon] [restartedMain] liquibase.util                           : Previously run:               4
2025-01-29T08:20:47.928+01:00  INFO 30336 --- [Hackathon] [restartedMain] liquibase.util                           : Filtered out:                 0
2025-01-29T08:20:47.928+01:00  INFO 30336 --- [Hackathon] [restartedMain] liquibase.util                           : -------------------------------
2025-01-29T08:20:47.928+01:00  INFO 30336 --- [Hackathon] [restartedMain] liquibase.util                           : Total change sets:            4
2025-01-29T08:20:47.928+01:00  INFO 30336 --- [Hackathon] [restartedMain] liquibase.util                           : Update summary generated
2025-01-29T08:20:47.943+01:00  INFO 30336 --- [Hackathon] [restartedMain] liquibase.lockservice                    : Successfully released change log lock
2025-01-29T08:20:47.944+01:00  INFO 30336 --- [Hackathon] [restartedMain] liquibase.command                        : Command execution complete
2025-01-29T08:20:47.992+01:00  INFO 30336 --- [Hackathon] [restartedMain] o.hibernate.jpa.internal.util.LogHelper  : HHH000204: Processing PersistenceUnitInfo [name: default]
2025-01-29T08:20:48.030+01:00  INFO 30336 --- [Hackathon] [restartedMain] org.hibernate.Version                    : HHH000412: Hibernate ORM core version 6.5.3.Final
2025-01-29T08:20:48.055+01:00  INFO 30336 --- [Hackathon] [restartedMain] o.h.c.internal.RegionFactoryInitiator    : HHH000026: Second-level cache disabled
2025-01-29T08:20:48.111+01:00  INFO 30336 --- [Hackathon] [restartedMain] o.h.e.boot.internal.EnversServiceImpl    : Envers integration enabled? : true
2025-01-29T08:20:48.256+01:00  INFO 30336 --- [Hackathon] [restartedMain] o.s.o.j.p.SpringPersistenceUnitInfo      : No LoadTimeWeaver setup: ignoring JPA class transformer
2025-01-29T08:20:48.292+01:00  WARN 30336 --- [Hackathon] [restartedMain] org.hibernate.orm.deprecation            : HHH90000025: PostgreSQLDialect does not need to be specified explicitly using 'hibernate.dialect' (remove the property setting and it will be selected by default)
2025-01-29T08:20:48.883+01:00  INFO 30336 --- [Hackathon] [restartedMain] o.h.e.t.j.p.i.JtaPlatformInitiator       : HHH000489: No JTA platform available (set 'hibernate.transaction.jta.platform' to enable JTA platform integration)
2025-01-29T08:20:48.910+01:00  INFO 30336 --- [Hackathon] [restartedMain] j.LocalContainerEntityManagerFactoryBean : Initialized JPA EntityManagerFactory for persistence unit 'default'
2025-01-29T08:20:49.097+01:00  INFO 30336 --- [Hackathon] [restartedMain] o.s.d.j.r.query.QueryEnhancerFactory     : Hibernate is in classpath; If applicable, HQL parser will be used.
2025-01-29T08:20:49.205+01:00  WARN 30336 --- [Hackathon] [restartedMain] JpaBaseConfiguration$JpaWebConfiguration : spring.jpa.open-in-view is enabled by default. Therefore, database queries may be performed during view rendering. Explicitly configure spring.jpa.open-in-view to disable this warning
2025-01-29T08:20:49.474+01:00  INFO 30336 --- [Hackathon] [restartedMain] o.s.b.d.a.OptionalLiveReloadServer       : LiveReload server is running on port 35729
2025-01-29T08:20:49.498+01:00  INFO 30336 --- [Hackathon] [restartedMain] o.s.b.w.embedded.tomcat.TomcatWebServer  : Tomcat started on port 8081 (http) with context path '/'
2025-01-29T08:20:49.506+01:00  INFO 30336 --- [Hackathon] [restartedMain] r.n.datastorage.DataStorageApplication   : Started DataStorageApplication in 3.603 seconds (process running for 4.197)
2025-01-29T08:20:52.977+01:00  INFO 30336 --- [Hackathon] [http-nio-8081-exec-2] o.a.c.c.C.[Tomcat].[localhost].[/]       : Initializing Spring DispatcherServlet 'dispatcherServlet'
2025-01-29T08:20:52.978+01:00  INFO 30336 --- [Hackathon] [http-nio-8081-exec-2] o.s.web.servlet.DispatcherServlet        : Initializing Servlet 'dispatcherServlet'
2025-01-29T08:20:52.979+01:00  INFO 30336 --- [Hackathon] [http-nio-8081-exec-2] o.s.web.servlet.DispatcherServlet        : Completed initialization in 0 ms
2025-01-29T08:20:53.000+01:00 DEBUG 30336 --- [Hackathon] [http-nio-8081-exec-2] r.n.d.controller.BotController           : Вызов метода getCourses
2025-01-29T08:21:41.801+01:00 DEBUG 30336 --- [Hackathon] [http-nio-8081-exec-1] r.n.datastorage.db.service.UserService   : Получение пользователей без выбранного курса
2025-01-29T08:21:41.869+01:00 DEBUG 30336 --- [Hackathon] [http-nio-8081-exec-1] r.n.datastorage.db.service.UserService   : usersWithoutCourse size = 0
2025-01-29T08:22:29.798+01:00 DEBUG 30336 --- [Hackathon] [http-nio-8081-exec-4] r.n.datastorage.db.service.UserService   : Получение пользователей без выбранного курса
2025-01-29T08:22:29.801+01:00 DEBUG 30336 --- [Hackathon] [http-nio-8081-exec-4] r.n.datastorage.db.service.UserService   : usersWithoutCourse size = 0
2025-01-29T08:23:17.803+01:00 DEBUG 30336 --- [Hackathon] [http-nio-8081-exec-3] r.n.datastorage.db.service.UserService   : Получение пользователей без выбранного курса
2025-01-29T08:23:17.806+01:00 DEBUG 30336 --- [Hackathon] [http-nio-8081-exec-3] r.n.datastorage.db.service.UserService   : usersWithoutCourse size = 0
2025-01-29T08:24:05.789+01:00 DEBUG 30336 --- [Hackathon] [http-nio-8081-exec-6] r.n.datastorage.db.service.UserService   : Получение пользователей без выбранного курса
2025-01-29T08:24:05.794+01:00 DEBUG 30336 --- [Hackathon] [http-nio-8081-exec-6] r.n.datastorage.db.service.UserService   : usersWithoutCourse size = 0
2025-01-29T08:25:25.789+01:00 DEBUG 30336 --- [Hackathon] [http-nio-8081-exec-7] r.n.datastorage.db.service.UserService   : Получение пользователей без выбранного курса
2025-01-29T08:25:25.792+01:00 DEBUG 30336 --- [Hackathon] [http-nio-8081-exec-7] r.n.datastorage.db.service.UserService   : usersWithoutCourse size = 0
2025-01-29T08:26:04.743+01:00 DEBUG 30336 --- [Hackathon] [http-nio-8081-exec-8] r.n.datastorage.db.service.UserService   : Поиск user с email: herglotay@yandex.ru
2025-01-29T08:26:04.813+01:00 DEBUG 30336 --- [Hackathon] [http-nio-8081-exec-9] r.n.datastorage.db.service.UserService   : Поиск user с telegramId: 296214216
2025-01-29T08:26:04.905+01:00 DEBUG 30336 --- [Hackathon] [http-nio-8081-exec-5] r.n.d.controller.BotController           : Вызов метода user для пользователя с id - null, email - herglotay@yandex.ru, telegramId - 296214216
2025-01-29T08:26:04.906+01:00 DEBUG 30336 --- [Hackathon] [http-nio-8081-exec-5] r.n.datastorage.db.service.UserService   : Сохранение user с id: 0
2025-01-29T08:26:04.980+01:00 DEBUG 30336 --- [Hackathon] [http-nio-8081-exec-5] r.n.datastorage.service.ApiService       : statement = null
2025-01-29T08:26:04.981+01:00 DEBUG 30336 --- [Hackathon] [http-nio-8081-exec-5] r.n.datastorage.service.ApiService       : statement = Statement(statementId=0, user=User(userId=1, telegramId=296214216, firstName=Хрен, lastName=Сгоры, city=Пекин, email=herglotay@yandex.ru, phoneNumber=+79900990099, role=CANDIDATE), course=null, statementStatus=null, creationDate=null, changedDate=null)
2025-01-29T08:26:04.989+01:00  INFO 30336 --- [Hackathon] [http-nio-8081-exec-5] r.n.d.db.service.StatementService        : Добавление statement в БД
2025-01-29T08:26:13.799+01:00 DEBUG 30336 --- [Hackathon] [http-nio-8081-exec-2] r.n.datastorage.db.service.UserService   : Получение пользователей без выбранного курса
2025-01-29T08:26:13.803+01:00 DEBUG 30336 --- [Hackathon] [http-nio-8081-exec-2] r.n.datastorage.db.service.UserService   : usersWithoutCourse size = 1
2025-01-29T08:27:01.789+01:00 DEBUG 30336 --- [Hackathon] [http-nio-8081-exec-1] r.n.datastorage.db.service.UserService   : Получение пользователей без выбранного курса
2025-01-29T08:27:01.792+01:00 DEBUG 30336 --- [Hackathon] [http-nio-8081-exec-1] r.n.datastorage.db.service.UserService   : usersWithoutCourse size = 1
2025-01-29T08:27:49.797+01:00 DEBUG 30336 --- [Hackathon] [http-nio-8081-exec-4] r.n.datastorage.db.service.UserService   : Получение пользователей без выбранного курса
2025-01-29T08:27:49.800+01:00 DEBUG 30336 --- [Hackathon] [http-nio-8081-exec-4] r.n.datastorage.db.service.UserService   : usersWithoutCourse size = 1
2025-01-29T08:28:37.794+01:00 DEBUG 30336 --- [Hackathon] [http-nio-8081-exec-3] r.n.datastorage.db.service.UserService   : Получение пользователей без выбранного курса
2025-01-29T08:28:37.797+01:00 DEBUG 30336 --- [Hackathon] [http-nio-8081-exec-3] r.n.datastorage.db.service.UserService   : usersWithoutCourse size = 1
2025-01-29T08:29:09.792+01:00 DEBUG 30336 --- [Hackathon] [http-nio-8081-exec-6] r.n.datastorage.db.service.UserService   : Получение пользователей без выбранного курса
2025-01-29T08:29:09.798+01:00 DEBUG 30336 --- [Hackathon] [http-nio-8081-exec-6] r.n.datastorage.db.service.UserService   : usersWithoutCourse size = 1
2025-01-29T08:29:57.790+01:00 DEBUG 30336 --- [Hackathon] [http-nio-8081-exec-10] r.n.datastorage.db.service.UserService   : Получение пользователей без выбранного курса
2025-01-29T08:29:57.794+01:00 DEBUG 30336 --- [Hackathon] [http-nio-8081-exec-10] r.n.datastorage.db.service.UserService   : usersWithoutCourse size = 1
2025-01-29T08:30:45.789+01:00 DEBUG 30336 --- [Hackathon] [http-nio-8081-exec-7] r.n.datastorage.db.service.UserService   : Получение пользователей без выбранного курса
2025-01-29T08:30:45.793+01:00 DEBUG 30336 --- [Hackathon] [http-nio-8081-exec-7] r.n.datastorage.db.service.UserService   : usersWithoutCourse size = 1
2025-01-29T08:31:54.284+01:00  WARN 30336 --- [Hackathon] [HikariPool-1 housekeeper] com.zaxxer.hikari.pool.HikariPool        : HikariPool-1 - Thread starvation or clock leap detected (housekeeper delta=1m6s698ms503µs999ns).
2025-01-29T08:31:54.492+01:00 DEBUG 30336 --- [Hackathon] [http-nio-8081-exec-9] r.n.datastorage.db.service.UserService   : Получение пользователей без выбранного курса
2025-01-29T08:31:54.494+01:00 DEBUG 30336 --- [Hackathon] [http-nio-8081-exec-9] r.n.datastorage.db.service.UserService   : usersWithoutCourse size = 1
2025-01-29T08:32:21.798+01:00 DEBUG 30336 --- [Hackathon] [http-nio-8081-exec-5] r.n.datastorage.db.service.UserService   : Получение пользователей без выбранного курса
2025-01-29T08:32:21.802+01:00 DEBUG 30336 --- [Hackathon] [http-nio-8081-exec-5] r.n.datastorage.db.service.UserService   : usersWithoutCourse size = 1
2025-01-29T08:33:41.793+01:00 DEBUG 30336 --- [Hackathon] [http-nio-8081-exec-1] r.n.datastorage.db.service.UserService   : Получение пользователей без выбранного курса
2025-01-29T08:33:41.795+01:00 DEBUG 30336 --- [Hackathon] [http-nio-8081-exec-1] r.n.datastorage.db.service.UserService   : usersWithoutCourse size = 1
2025-01-29T08:34:29.797+01:00 DEBUG 30336 --- [Hackathon] [http-nio-8081-exec-4] r.n.datastorage.db.service.UserService   : Получение пользователей без выбранного курса
2025-01-29T08:34:29.799+01:00 DEBUG 30336 --- [Hackathon] [http-nio-8081-exec-4] r.n.datastorage.db.service.UserService   : usersWithoutCourse size = 1
2025-01-29T08:35:17.789+01:00 DEBUG 30336 --- [Hackathon] [http-nio-8081-exec-3] r.n.datastorage.db.service.UserService   : Получение пользователей без выбранного курса
2025-01-29T08:35:17.792+01:00 DEBUG 30336 --- [Hackathon] [http-nio-8081-exec-3] r.n.datastorage.db.service.UserService   : usersWithoutCourse size = 1
2025-01-29T08:35:43.225+01:00 DEBUG 30336 --- [Hackathon] [http-nio-8081-exec-6] r.n.datastorage.db.service.UserService   : Поиск user с telegramId: 296214216
2025-01-29T08:35:43.235+01:00 DEBUG 30336 --- [Hackathon] [http-nio-8081-exec-10] r.n.d.controller.BotController           : Вызов метода user для пользователя с id - 1, email - herglotay@yandex.ru, telegramId - 296214216
2025-01-29T08:35:43.236+01:00 DEBUG 30336 --- [Hackathon] [http-nio-8081-exec-10] r.n.datastorage.db.service.UserService   : Сохранение user с id: 1
2025-01-29T08:35:43.254+01:00 DEBUG 30336 --- [Hackathon] [http-nio-8081-exec-10] r.n.datastorage.service.ApiService       : statement = Statement(statementId=1, user=User(userId=1, telegramId=296214216, firstName=Хрен, lastName=Сгоры, city=Пекин, email=herglotay@yandex.ru, phoneNumber=+79900990099, role=EXTERNAL_USER), course=null, statementStatus=PRE_APPLICATION, creationDate=2025-01-29 08:26:04.98913, changedDate=2025-01-29 08:26:04.98913)
2025-01-29T08:35:43.254+01:00 DEBUG 30336 --- [Hackathon] [http-nio-8081-exec-10] r.n.datastorage.service.ApiService       : statement = Statement(statementId=1, user=User(userId=1, telegramId=296214216, firstName=Хрен, lastName=Сгоры, city=Пекин, email=herglotay@yandex.ru, phoneNumber=+79900990099, role=EXTERNAL_USER), course=Course(courseId=7, courseName=Testing), statementStatus=PRE_APPLICATION, creationDate=2025-01-29 08:26:04.98913, changedDate=2025-01-29 08:26:04.98913)
2025-01-29T08:35:43.254+01:00  INFO 30336 --- [Hackathon] [http-nio-8081-exec-10] r.n.d.db.service.StatementService        : Добавление statement в БД
2025-01-29T08:36:05.783+01:00 DEBUG 30336 --- [Hackathon] [http-nio-8081-exec-7] r.n.datastorage.db.service.UserService   : Получение пользователей без выбранного курса
2025-01-29T08:36:05.786+01:00 DEBUG 30336 --- [Hackathon] [http-nio-8081-exec-7] r.n.datastorage.db.service.UserService   : usersWithoutCourse size = 0
2025-01-29T08:37:25.804+01:00 DEBUG 30336 --- [Hackathon] [http-nio-8081-exec-9] r.n.datastorage.db.service.UserService   : Получение пользователей без выбранного курса
2025-01-29T08:37:25.808+01:00 DEBUG 30336 --- [Hackathon] [http-nio-8081-exec-9] r.n.datastorage.db.service.UserService   : usersWithoutCourse size = 0
2025-01-29T08:38:13.794+01:00 DEBUG 30336 --- [Hackathon] [http-nio-8081-exec-5] r.n.datastorage.db.service.UserService   : Получение пользователей без выбранного курса
2025-01-29T08:38:13.797+01:00 DEBUG 30336 --- [Hackathon] [http-nio-8081-exec-5] r.n.datastorage.db.service.UserService   : usersWithoutCourse size = 0
2025-01-29T08:39:01.789+01:00 DEBUG 30336 --- [Hackathon] [http-nio-8081-exec-2] r.n.datastorage.db.service.UserService   : Получение пользователей без выбранного курса
2025-01-29T08:39:01.792+01:00 DEBUG 30336 --- [Hackathon] [http-nio-8081-exec-2] r.n.datastorage.db.service.UserService   : usersWithoutCourse size = 0
2025-01-29T08:39:49.789+01:00 DEBUG 30336 --- [Hackathon] [http-nio-8081-exec-1] r.n.datastorage.db.service.UserService   : Получение пользователей без выбранного курса
2025-01-29T08:39:49.792+01:00 DEBUG 30336 --- [Hackathon] [http-nio-8081-exec-1] r.n.datastorage.db.service.UserService   : usersWithoutCourse size = 0
2025-01-29T08:40:37.789+01:00 DEBUG 30336 --- [Hackathon] [http-nio-8081-exec-4] r.n.datastorage.db.service.UserService   : Получение пользователей без выбранного курса
2025-01-29T08:40:37.791+01:00 DEBUG 30336 --- [Hackathon] [http-nio-8081-exec-4] r.n.datastorage.db.service.UserService   : usersWithoutCourse size = 0
2025-01-29T08:41:09.790+01:00 DEBUG 30336 --- [Hackathon] [http-nio-8081-exec-3] r.n.datastorage.db.service.UserService   : Получение пользователей без выбранного курса
2025-01-29T08:41:09.792+01:00 DEBUG 30336 --- [Hackathon] [http-nio-8081-exec-3] r.n.datastorage.db.service.UserService   : usersWithoutCourse size = 0
2025-01-29T08:41:57.797+01:00 DEBUG 30336 --- [Hackathon] [http-nio-8081-exec-6] r.n.datastorage.db.service.UserService   : Получение пользователей без выбранного курса
2025-01-29T08:41:57.800+01:00 DEBUG 30336 --- [Hackathon] [http-nio-8081-exec-6] r.n.datastorage.db.service.UserService   : usersWithoutCourse size = 0
2025-01-29T08:42:45.795+01:00 DEBUG 30336 --- [Hackathon] [http-nio-8081-exec-10] r.n.datastorage.db.service.UserService   : Получение пользователей без выбранного курса
2025-01-29T08:42:45.797+01:00 DEBUG 30336 --- [Hackathon] [http-nio-8081-exec-10] r.n.datastorage.db.service.UserService   : usersWithoutCourse size = 0
2025-01-29T08:43:33.782+01:00 DEBUG 30336 --- [Hackathon] [http-nio-8081-exec-7] r.n.datastorage.db.service.UserService   : Получение пользователей без выбранного курса
2025-01-29T08:43:33.785+01:00 DEBUG 30336 --- [Hackathon] [http-nio-8081-exec-7] r.n.datastorage.db.service.UserService   : usersWithoutCourse size = 0
2025-01-29T08:44:21.788+01:00 DEBUG 30336 --- [Hackathon] [http-nio-8081-exec-8] r.n.datastorage.db.service.UserService   : Получение пользователей без выбранного курса
2025-01-29T08:44:21.790+01:00 DEBUG 30336 --- [Hackathon] [http-nio-8081-exec-8] r.n.datastorage.db.service.UserService   : usersWithoutCourse size = 0
2025-01-29T08:45:41.792+01:00 DEBUG 30336 --- [Hackathon] [http-nio-8081-exec-5] r.n.datastorage.db.service.UserService   : Получение пользователей без выбранного курса
2025-01-29T08:45:41.794+01:00 DEBUG 30336 --- [Hackathon] [http-nio-8081-exec-5] r.n.datastorage.db.service.UserService   : usersWithoutCourse size = 0
2025-01-29T08:46:23.531+01:00  INFO 30336 --- [Hackathon] [SpringApplicationShutdownHook] j.LocalContainerEntityManagerFactoryBean : Closing JPA EntityManagerFactory for persistence unit 'default'
2025-01-29T08:46:23.534+01:00  INFO 30336 --- [Hackathon] [SpringApplicationShutdownHook] com.zaxxer.hikari.HikariDataSource       : HikariPool-1 - Shutdown initiated...
2025-01-29T08:46:23.536+01:00  INFO 30336 --- [Hackathon] [SpringApplicationShutdownHook] com.zaxxer.hikari.HikariDataSource       : HikariPool-1 - Shutdown completed.
