2025-01-29T08:20:51.431+01:00  INFO 30460 --- [restartedMain] r.n.apiservice.ApiServiceApplication     : Starting ApiServiceApplication using Java 21.0.6 with PID 30460 (C:\Users\Kirill\Projects\razrabotka-telegram-bota-dlya-avtomatizacii-processa-sbora-zayavok-na-obuchenie-6462\develop\backend\api-service\target\classes started by Kirill in C:\Users\Kirill\Projects\razrabotka-telegram-bota-dlya-avtomatizacii-processa-sbora-zayavok-na-obuchenie-6462)
2025-01-29T08:20:51.439+01:00 DEBUG 30460 --- [restartedMain] r.n.apiservice.ApiServiceApplication     : Running with Spring Boot v3.3.5, Spring v6.1.14
2025-01-29T08:20:51.440+01:00  INFO 30460 --- [restartedMain] r.n.apiservice.ApiServiceApplication     : No active profile set, falling back to 1 default profile: "default"
2025-01-29T08:20:51.487+01:00  INFO 30460 --- [restartedMain] .e.DevToolsPropertyDefaultsPostProcessor : Devtools property defaults active! Set 'spring.devtools.add-properties' to 'false' to disable
2025-01-29T08:20:51.488+01:00  INFO 30460 --- [restartedMain] .e.DevToolsPropertyDefaultsPostProcessor : For additional web related logging consider setting the 'logging.level.web' property to 'DEBUG'
2025-01-29T08:20:52.304+01:00  INFO 30460 --- [restartedMain] o.s.b.w.embedded.tomcat.TomcatWebServer  : Tomcat initialized with port 9093 (http)
2025-01-29T08:20:52.314+01:00  INFO 30460 --- [restartedMain] o.apache.catalina.core.StandardService   : Starting service [Tomcat]
2025-01-29T08:20:52.314+01:00  INFO 30460 --- [restartedMain] o.apache.catalina.core.StandardEngine    : Starting Servlet engine: [Apache Tomcat/10.1.31]
2025-01-29T08:20:52.352+01:00  INFO 30460 --- [restartedMain] o.a.c.c.C.[Tomcat].[localhost].[/]       : Initializing Spring embedded WebApplicationContext
2025-01-29T08:20:52.352+01:00  INFO 30460 --- [restartedMain] w.s.c.ServletWebServerApplicationContext : Root WebApplicationContext: initialization completed in 864 ms
2025-01-29T08:20:52.672+01:00 DEBUG 30460 --- [restartedMain] r.neostudy.apiservice.bot.UpdateService  : вызывается метод setCourses
2025-01-29T08:20:52.673+01:00 DEBUG 30460 --- [restartedMain] r.n.a.client.DataStorageClientImpl       : Вызов метода getCourses
2025-01-29T08:20:53.188+01:00 DEBUG 30460 --- [restartedMain] r.neostudy.apiservice.bot.UpdateService  : course size = 7
2025-01-29T08:20:53.648+01:00 DEBUG 30460 --- [hakatonTG_bot Telegram Executor] r.neostudy.apiservice.bot.UpdateService  : Введена команда Optional[/start]
2025-01-29T08:20:53.649+01:00 DEBUG 30460 --- [hakatonTG_bot Telegram Executor] r.neostudy.apiservice.bot.UpdateService  : Вызов метода processServiceCommand с командой /start, telegramId = 296214216
2025-01-29T08:20:53.649+01:00 DEBUG 30460 --- [hakatonTG_bot Telegram Executor] r.neostudy.apiservice.bot.UpdateService  : вызов метода processStartCommand, telegramId = 296214216
2025-01-29T08:20:53.650+01:00 DEBUG 30460 --- [hakatonTG_bot Telegram Executor] r.neostudy.apiservice.bot.UpdateService  : Пользователь с телеграм id = 296214216 сохранен
2025-01-29T08:20:53.748+01:00  WARN 30460 --- [restartedMain] o.s.b.d.a.OptionalLiveReloadServer       : Unable to start LiveReload server
2025-01-29T08:20:53.772+01:00  INFO 30460 --- [restartedMain] o.s.b.w.embedded.tomcat.TomcatWebServer  : Tomcat started on port 9093 (http) with context path '/'
2025-01-29T08:20:53.780+01:00  INFO 30460 --- [restartedMain] r.n.apiservice.ApiServiceApplication     : Started ApiServiceApplication in 2.794 seconds (process running for 3.459)
2025-01-29T08:21:38.795+01:00  INFO 30460 --- [scheduling-1] r.neostudy.apiservice.bot.UpdateService  : scheduleUpdates
2025-01-29T08:21:41.789+01:00 DEBUG 30460 --- [scheduling-1] r.n.a.client.DataStorageClientImpl       : Вызов метода getUsersWithoutCourse
2025-01-29T08:21:41.880+01:00  INFO 30460 --- [scheduling-1] r.neostudy.apiservice.bot.UpdateService  : Период сбора заявок открыт
2025-01-29T08:21:53.794+01:00  INFO 30460 --- [scheduling-1] r.neostudy.apiservice.bot.UpdateService  : scheduleUpdates
2025-01-29T08:22:23.792+01:00  INFO 30460 --- [scheduling-1] r.neostudy.apiservice.bot.UpdateService  : scheduleUpdates
2025-01-29T08:22:29.792+01:00 DEBUG 30460 --- [scheduling-1] r.n.a.client.DataStorageClientImpl       : Вызов метода getUsersWithoutCourse
2025-01-29T08:22:29.804+01:00  INFO 30460 --- [scheduling-1] r.neostudy.apiservice.bot.UpdateService  : Период сбора заявок открыт
2025-01-29T08:22:38.790+01:00  INFO 30460 --- [scheduling-1] r.neostudy.apiservice.bot.UpdateService  : scheduleUpdates
2025-01-29T08:23:08.785+01:00  INFO 30460 --- [scheduling-1] r.neostudy.apiservice.bot.UpdateService  : scheduleUpdates
2025-01-29T08:23:17.794+01:00 DEBUG 30460 --- [scheduling-1] r.n.a.client.DataStorageClientImpl       : Вызов метода getUsersWithoutCourse
2025-01-29T08:23:17.809+01:00  INFO 30460 --- [scheduling-1] r.neostudy.apiservice.bot.UpdateService  : Период сбора заявок открыт
2025-01-29T08:23:23.779+01:00  INFO 30460 --- [scheduling-1] r.neostudy.apiservice.bot.UpdateService  : scheduleUpdates
2025-01-29T08:23:48.599+01:00 DEBUG 30460 --- [hakatonTG_bot Telegram Executor] r.neostudy.apiservice.bot.UpdateService  : Введена команда Optional[/submit_now]
2025-01-29T08:23:48.599+01:00 DEBUG 30460 --- [hakatonTG_bot Telegram Executor] r.neostudy.apiservice.bot.UpdateService  : Вызов метода processServiceCommand с командой /submit_now, telegramId = 296214216
2025-01-29T08:23:53.784+01:00  INFO 30460 --- [scheduling-1] r.neostudy.apiservice.bot.UpdateService  : scheduleUpdates
2025-01-29T08:24:05.782+01:00 DEBUG 30460 --- [scheduling-1] r.n.a.client.DataStorageClientImpl       : Вызов метода getUsersWithoutCourse
2025-01-29T08:24:05.798+01:00  INFO 30460 --- [scheduling-1] r.neostudy.apiservice.bot.UpdateService  : Период сбора заявок открыт
2025-01-29T08:24:08.793+01:00  INFO 30460 --- [scheduling-1] r.neostudy.apiservice.bot.UpdateService  : scheduleUpdates
2025-01-29T08:24:38.780+01:00  INFO 30460 --- [scheduling-1] r.neostudy.apiservice.bot.UpdateService  : scheduleUpdates
2025-01-29T08:24:53.783+01:00  INFO 30460 --- [scheduling-1] r.neostudy.apiservice.bot.UpdateService  : scheduleUpdates
2025-01-29T08:25:06.194+01:00 DEBUG 30460 --- [hakatonTG_bot Telegram Executor] r.n.a.model.validation.AppUserValidator  : formattedPhone: +7+799009900
2025-01-29T08:25:06.194+01:00 ERROR 30460 --- [hakatonTG_bot Telegram Executor] r.neostudy.apiservice.bot.UpdateService  : Некорректно указан номер телефона пользователя: +7+799009900
2025-01-29T08:25:23.781+01:00  INFO 30460 --- [scheduling-1] r.neostudy.apiservice.bot.UpdateService  : scheduleUpdates
2025-01-29T08:25:25.780+01:00 DEBUG 30460 --- [scheduling-1] r.n.a.client.DataStorageClientImpl       : Вызов метода getUsersWithoutCourse
2025-01-29T08:25:25.795+01:00  INFO 30460 --- [scheduling-1] r.neostudy.apiservice.bot.UpdateService  : Период сбора заявок открыт
2025-01-29T08:25:26.136+01:00 DEBUG 30460 --- [hakatonTG_bot Telegram Executor] r.n.a.model.validation.AppUserValidator  : formattedPhone: +79900990099
2025-01-29T08:25:38.786+01:00  INFO 30460 --- [scheduling-1] r.neostudy.apiservice.bot.UpdateService  : scheduleUpdates
2025-01-29T08:26:04.719+01:00 DEBUG 30460 --- [hakatonTG_bot Telegram Executor] r.n.a.client.DataStorageClientImpl       : Вызов метода getUserByEmail с email herglotay@yandex.ru
2025-01-29T08:26:04.805+01:00 DEBUG 30460 --- [hakatonTG_bot Telegram Executor] r.n.a.client.DataStorageClientImpl       : Вызов метода getUserByTelegramId с telegramId 296214216
2025-01-29T08:26:04.824+01:00 DEBUG 30460 --- [hakatonTG_bot Telegram Executor] r.n.a.client.DataStorageClientImpl       : Вызов метода saveUser с email herglotay@yandex.ru и telegramId 296214216
2025-01-29T08:26:05.009+01:00 DEBUG 30460 --- [hakatonTG_bot Telegram Executor] r.neostudy.apiservice.bot.UpdateService  : Пользователь с email herglotay@yandex.ru и telegramId 296214216 сохранен
2025-01-29T08:26:08.792+01:00  INFO 30460 --- [scheduling-1] r.neostudy.apiservice.bot.UpdateService  : scheduleUpdates
2025-01-29T08:26:13.793+01:00 DEBUG 30460 --- [scheduling-1] r.n.a.client.DataStorageClientImpl       : Вызов метода getUsersWithoutCourse
2025-01-29T08:26:13.880+01:00  INFO 30460 --- [scheduling-1] r.neostudy.apiservice.bot.UpdateService  : Период сбора заявок открыт
2025-01-29T08:26:23.790+01:00  INFO 30460 --- [scheduling-1] r.neostudy.apiservice.bot.UpdateService  : scheduleUpdates
2025-01-29T08:26:48.327+01:00 DEBUG 30460 --- [hakatonTG_bot Telegram Executor] r.neostudy.apiservice.bot.UpdateService  : Введена команда Optional[/make_life_choice]
2025-01-29T08:26:48.327+01:00 DEBUG 30460 --- [hakatonTG_bot Telegram Executor] r.neostudy.apiservice.bot.UpdateService  : Вызов метода processServiceCommand с командой /make_life_choice, telegramId = 296214216
2025-01-29T08:26:53.787+01:00  INFO 30460 --- [scheduling-1] r.neostudy.apiservice.bot.UpdateService  : scheduleUpdates
2025-01-29T08:27:01.784+01:00 DEBUG 30460 --- [scheduling-1] r.n.a.client.DataStorageClientImpl       : Вызов метода getUsersWithoutCourse
2025-01-29T08:27:01.875+01:00  INFO 30460 --- [scheduling-1] r.neostudy.apiservice.bot.UpdateService  : Период сбора заявок открыт
2025-01-29T08:27:08.783+01:00  INFO 30460 --- [scheduling-1] r.neostudy.apiservice.bot.UpdateService  : scheduleUpdates
2025-01-29T08:27:38.791+01:00  INFO 30460 --- [scheduling-1] r.neostudy.apiservice.bot.UpdateService  : scheduleUpdates
2025-01-29T08:27:49.792+01:00 DEBUG 30460 --- [scheduling-1] r.n.a.client.DataStorageClientImpl       : Вызов метода getUsersWithoutCourse
2025-01-29T08:27:49.878+01:00  INFO 30460 --- [scheduling-1] r.neostudy.apiservice.bot.UpdateService  : Период сбора заявок открыт
2025-01-29T08:27:53.785+01:00  INFO 30460 --- [scheduling-1] r.neostudy.apiservice.bot.UpdateService  : scheduleUpdates
2025-01-29T08:28:23.783+01:00  INFO 30460 --- [scheduling-1] r.neostudy.apiservice.bot.UpdateService  : scheduleUpdates
2025-01-29T08:28:37.787+01:00 DEBUG 30460 --- [scheduling-1] r.n.a.client.DataStorageClientImpl       : Вызов метода getUsersWithoutCourse
2025-01-29T08:28:37.979+01:00  INFO 30460 --- [scheduling-1] r.neostudy.apiservice.bot.UpdateService  : Период сбора заявок открыт
2025-01-29T08:28:38.793+01:00  INFO 30460 --- [scheduling-1] r.neostudy.apiservice.bot.UpdateService  : scheduleUpdates
2025-01-29T08:29:08.789+01:00  INFO 30460 --- [scheduling-1] r.neostudy.apiservice.bot.UpdateService  : scheduleUpdates
2025-01-29T08:29:09.782+01:00 DEBUG 30460 --- [scheduling-1] r.n.a.client.DataStorageClientImpl       : Вызов метода getUsersWithoutCourse
2025-01-29T08:29:09.955+01:00  INFO 30460 --- [scheduling-1] r.neostudy.apiservice.bot.UpdateService  : Период сбора заявок открыт
2025-01-29T08:29:23.779+01:00  INFO 30460 --- [scheduling-1] r.neostudy.apiservice.bot.UpdateService  : scheduleUpdates
2025-01-29T08:29:53.781+01:00  INFO 30460 --- [scheduling-1] r.neostudy.apiservice.bot.UpdateService  : scheduleUpdates
2025-01-29T08:29:57.786+01:00 DEBUG 30460 --- [scheduling-1] r.n.a.client.DataStorageClientImpl       : Вызов метода getUsersWithoutCourse
2025-01-29T08:29:58.001+01:00  INFO 30460 --- [scheduling-1] r.neostudy.apiservice.bot.UpdateService  : Период сбора заявок открыт
2025-01-29T08:30:08.787+01:00  INFO 30460 --- [scheduling-1] r.neostudy.apiservice.bot.UpdateService  : scheduleUpdates
2025-01-29T08:30:38.782+01:00  INFO 30460 --- [scheduling-1] r.neostudy.apiservice.bot.UpdateService  : scheduleUpdates
2025-01-29T08:30:45.785+01:00 DEBUG 30460 --- [scheduling-1] r.n.a.client.DataStorageClientImpl       : Вызов метода getUsersWithoutCourse
2025-01-29T08:30:45.894+01:00  INFO 30460 --- [scheduling-1] r.neostudy.apiservice.bot.UpdateService  : Период сбора заявок открыт
2025-01-29T08:30:53.782+01:00  INFO 30460 --- [scheduling-1] r.neostudy.apiservice.bot.UpdateService  : scheduleUpdates
2025-01-29T08:31:54.485+01:00  INFO 30460 --- [scheduling-1] r.neostudy.apiservice.bot.UpdateService  : scheduleUpdates
2025-01-29T08:31:54.485+01:00 DEBUG 30460 --- [scheduling-1] r.n.a.client.DataStorageClientImpl       : Вызов метода getUsersWithoutCourse
2025-01-29T08:31:54.713+01:00  INFO 30460 --- [scheduling-1] r.neostudy.apiservice.bot.UpdateService  : Период сбора заявок открыт
2025-01-29T08:31:54.713+01:00  INFO 30460 --- [scheduling-1] r.neostudy.apiservice.bot.UpdateService  : scheduleUpdates
2025-01-29T08:32:08.782+01:00  INFO 30460 --- [scheduling-1] r.neostudy.apiservice.bot.UpdateService  : scheduleUpdates
2025-01-29T08:32:21.794+01:00 DEBUG 30460 --- [scheduling-1] r.n.a.client.DataStorageClientImpl       : Вызов метода getUsersWithoutCourse
2025-01-29T08:32:21.918+01:00  INFO 30460 --- [scheduling-1] r.neostudy.apiservice.bot.UpdateService  : Период сбора заявок открыт
2025-01-29T08:32:23.789+01:00  INFO 30460 --- [scheduling-1] r.neostudy.apiservice.bot.UpdateService  : scheduleUpdates
2025-01-29T08:32:53.780+01:00  INFO 30460 --- [scheduling-1] r.neostudy.apiservice.bot.UpdateService  : scheduleUpdates
2025-01-29T08:33:08.792+01:00  INFO 30460 --- [scheduling-1] r.neostudy.apiservice.bot.UpdateService  : scheduleUpdates
2025-01-29T08:33:38.789+01:00  INFO 30460 --- [scheduling-1] r.neostudy.apiservice.bot.UpdateService  : scheduleUpdates
2025-01-29T08:33:41.787+01:00 DEBUG 30460 --- [scheduling-1] r.n.a.client.DataStorageClientImpl       : Вызов метода getUsersWithoutCourse
2025-01-29T08:33:41.921+01:00  INFO 30460 --- [scheduling-1] r.neostudy.apiservice.bot.UpdateService  : Период сбора заявок открыт
2025-01-29T08:33:53.794+01:00  INFO 30460 --- [scheduling-1] r.neostudy.apiservice.bot.UpdateService  : scheduleUpdates
2025-01-29T08:34:23.779+01:00  INFO 30460 --- [scheduling-1] r.neostudy.apiservice.bot.UpdateService  : scheduleUpdates
2025-01-29T08:34:29.793+01:00 DEBUG 30460 --- [scheduling-1] r.n.a.client.DataStorageClientImpl       : Вызов метода getUsersWithoutCourse
2025-01-29T08:34:29.863+01:00  INFO 30460 --- [scheduling-1] r.neostudy.apiservice.bot.UpdateService  : Период сбора заявок открыт
2025-01-29T08:34:38.786+01:00  INFO 30460 --- [scheduling-1] r.neostudy.apiservice.bot.UpdateService  : scheduleUpdates
2025-01-29T08:35:08.792+01:00  INFO 30460 --- [scheduling-1] r.neostudy.apiservice.bot.UpdateService  : scheduleUpdates
2025-01-29T08:35:17.786+01:00 DEBUG 30460 --- [scheduling-1] r.n.a.client.DataStorageClientImpl       : Вызов метода getUsersWithoutCourse
2025-01-29T08:35:17.928+01:00  INFO 30460 --- [scheduling-1] r.neostudy.apiservice.bot.UpdateService  : Период сбора заявок открыт
2025-01-29T08:35:23.784+01:00  INFO 30460 --- [scheduling-1] r.neostudy.apiservice.bot.UpdateService  : scheduleUpdates
2025-01-29T08:35:27.277+01:00 DEBUG 30460 --- [hakatonTG_bot Telegram Executor] r.neostudy.apiservice.bot.UpdateService  : Введена команда Optional[/make_life_choice]
2025-01-29T08:35:27.277+01:00 DEBUG 30460 --- [hakatonTG_bot Telegram Executor] r.neostudy.apiservice.bot.UpdateService  : Вызов метода processServiceCommand с командой /make_life_choice, telegramId = 296214216
2025-01-29T08:35:43.221+01:00 DEBUG 30460 --- [hakatonTG_bot Telegram Executor] r.n.a.client.DataStorageClientImpl       : Вызов метода getUserByTelegramId с telegramId 296214216
2025-01-29T08:35:43.232+01:00 DEBUG 30460 --- [hakatonTG_bot Telegram Executor] r.neostudy.apiservice.bot.UpdateService  : сохранение пользователя с id 1
2025-01-29T08:35:43.232+01:00 DEBUG 30460 --- [hakatonTG_bot Telegram Executor] r.n.a.client.DataStorageClientImpl       : Вызов метода saveUser с email herglotay@yandex.ru и telegramId 296214216
2025-01-29T08:35:53.783+01:00  INFO 30460 --- [scheduling-1] r.neostudy.apiservice.bot.UpdateService  : scheduleUpdates
2025-01-29T08:36:05.780+01:00 DEBUG 30460 --- [scheduling-1] r.n.a.client.DataStorageClientImpl       : Вызов метода getUsersWithoutCourse
2025-01-29T08:36:05.789+01:00  INFO 30460 --- [scheduling-1] r.neostudy.apiservice.bot.UpdateService  : Период сбора заявок открыт
2025-01-29T08:36:08.783+01:00  INFO 30460 --- [scheduling-1] r.neostudy.apiservice.bot.UpdateService  : scheduleUpdates
2025-01-29T08:36:38.780+01:00  INFO 30460 --- [scheduling-1] r.neostudy.apiservice.bot.UpdateService  : scheduleUpdates
2025-01-29T08:36:53.790+01:00  INFO 30460 --- [scheduling-1] r.neostudy.apiservice.bot.UpdateService  : scheduleUpdates
2025-01-29T08:37:23.783+01:00  INFO 30460 --- [scheduling-1] r.neostudy.apiservice.bot.UpdateService  : scheduleUpdates
2025-01-29T08:37:25.792+01:00 DEBUG 30460 --- [scheduling-1] r.n.a.client.DataStorageClientImpl       : Вызов метода getUsersWithoutCourse
2025-01-29T08:37:25.812+01:00  INFO 30460 --- [scheduling-1] r.neostudy.apiservice.bot.UpdateService  : Период сбора заявок открыт
2025-01-29T08:37:38.791+01:00  INFO 30460 --- [scheduling-1] r.neostudy.apiservice.bot.UpdateService  : scheduleUpdates
2025-01-29T08:38:08.788+01:00  INFO 30460 --- [scheduling-1] r.neostudy.apiservice.bot.UpdateService  : scheduleUpdates
2025-01-29T08:38:13.791+01:00 DEBUG 30460 --- [scheduling-1] r.n.a.client.DataStorageClientImpl       : Вызов метода getUsersWithoutCourse
2025-01-29T08:38:13.800+01:00  INFO 30460 --- [scheduling-1] r.neostudy.apiservice.bot.UpdateService  : Период сбора заявок открыт
2025-01-29T08:38:23.784+01:00  INFO 30460 --- [scheduling-1] r.neostudy.apiservice.bot.UpdateService  : scheduleUpdates
2025-01-29T08:38:53.790+01:00  INFO 30460 --- [scheduling-1] r.neostudy.apiservice.bot.UpdateService  : scheduleUpdates
2025-01-29T08:39:01.785+01:00 DEBUG 30460 --- [scheduling-1] r.n.a.client.DataStorageClientImpl       : Вызов метода getUsersWithoutCourse
2025-01-29T08:39:01.794+01:00  INFO 30460 --- [scheduling-1] r.neostudy.apiservice.bot.UpdateService  : Период сбора заявок открыт
2025-01-29T08:39:08.784+01:00  INFO 30460 --- [scheduling-1] r.neostudy.apiservice.bot.UpdateService  : scheduleUpdates
2025-01-29T08:39:38.789+01:00  INFO 30460 --- [scheduling-1] r.neostudy.apiservice.bot.UpdateService  : scheduleUpdates
2025-01-29T08:39:49.784+01:00 DEBUG 30460 --- [scheduling-1] r.n.a.client.DataStorageClientImpl       : Вызов метода getUsersWithoutCourse
2025-01-29T08:39:49.795+01:00  INFO 30460 --- [scheduling-1] r.neostudy.apiservice.bot.UpdateService  : Период сбора заявок открыт
2025-01-29T08:39:53.787+01:00  INFO 30460 --- [scheduling-1] r.neostudy.apiservice.bot.UpdateService  : scheduleUpdates
2025-01-29T08:40:23.790+01:00  INFO 30460 --- [scheduling-1] r.neostudy.apiservice.bot.UpdateService  : scheduleUpdates
2025-01-29T08:40:37.786+01:00 DEBUG 30460 --- [scheduling-1] r.n.a.client.DataStorageClientImpl       : Вызов метода getUsersWithoutCourse
2025-01-29T08:40:37.793+01:00  INFO 30460 --- [scheduling-1] r.neostudy.apiservice.bot.UpdateService  : Период сбора заявок открыт
2025-01-29T08:40:38.783+01:00  INFO 30460 --- [scheduling-1] r.neostudy.apiservice.bot.UpdateService  : scheduleUpdates
2025-01-29T08:41:08.790+01:00  INFO 30460 --- [scheduling-1] r.neostudy.apiservice.bot.UpdateService  : scheduleUpdates
2025-01-29T08:41:09.788+01:00 DEBUG 30460 --- [scheduling-1] r.n.a.client.DataStorageClientImpl       : Вызов метода getUsersWithoutCourse
2025-01-29T08:41:09.794+01:00  INFO 30460 --- [scheduling-1] r.neostudy.apiservice.bot.UpdateService  : Период сбора заявок открыт
2025-01-29T08:41:23.790+01:00  INFO 30460 --- [scheduling-1] r.neostudy.apiservice.bot.UpdateService  : scheduleUpdates
2025-01-29T08:41:53.794+01:00  INFO 30460 --- [scheduling-1] r.neostudy.apiservice.bot.UpdateService  : scheduleUpdates
2025-01-29T08:41:57.793+01:00 DEBUG 30460 --- [scheduling-1] r.n.a.client.DataStorageClientImpl       : Вызов метода getUsersWithoutCourse
2025-01-29T08:41:57.802+01:00  INFO 30460 --- [scheduling-1] r.neostudy.apiservice.bot.UpdateService  : Период сбора заявок открыт
2025-01-29T08:42:08.792+01:00  INFO 30460 --- [scheduling-1] r.neostudy.apiservice.bot.UpdateService  : scheduleUpdates
2025-01-29T08:42:38.783+01:00  INFO 30460 --- [scheduling-1] r.neostudy.apiservice.bot.UpdateService  : scheduleUpdates
2025-01-29T08:42:45.791+01:00 DEBUG 30460 --- [scheduling-1] r.n.a.client.DataStorageClientImpl       : Вызов метода getUsersWithoutCourse
2025-01-29T08:42:45.800+01:00  INFO 30460 --- [scheduling-1] r.neostudy.apiservice.bot.UpdateService  : Период сбора заявок открыт
2025-01-29T08:42:53.792+01:00  INFO 30460 --- [scheduling-1] r.neostudy.apiservice.bot.UpdateService  : scheduleUpdates
2025-01-29T08:43:23.787+01:00  INFO 30460 --- [scheduling-1] r.neostudy.apiservice.bot.UpdateService  : scheduleUpdates
2025-01-29T08:43:33.779+01:00 DEBUG 30460 --- [scheduling-1] r.n.a.client.DataStorageClientImpl       : Вызов метода getUsersWithoutCourse
2025-01-29T08:43:33.787+01:00  INFO 30460 --- [scheduling-1] r.neostudy.apiservice.bot.UpdateService  : Период сбора заявок открыт
2025-01-29T08:43:38.781+01:00  INFO 30460 --- [scheduling-1] r.neostudy.apiservice.bot.UpdateService  : scheduleUpdates
2025-01-29T08:44:08.788+01:00  INFO 30460 --- [scheduling-1] r.neostudy.apiservice.bot.UpdateService  : scheduleUpdates
2025-01-29T08:44:21.785+01:00 DEBUG 30460 --- [scheduling-1] r.n.a.client.DataStorageClientImpl       : Вызов метода getUsersWithoutCourse
2025-01-29T08:44:21.793+01:00  INFO 30460 --- [scheduling-1] r.neostudy.apiservice.bot.UpdateService  : Период сбора заявок открыт
2025-01-29T08:44:23.780+01:00  INFO 30460 --- [scheduling-1] r.neostudy.apiservice.bot.UpdateService  : scheduleUpdates
2025-01-29T08:44:53.791+01:00  INFO 30460 --- [scheduling-1] r.neostudy.apiservice.bot.UpdateService  : scheduleUpdates
2025-01-29T08:45:08.794+01:00  INFO 30460 --- [scheduling-1] r.neostudy.apiservice.bot.UpdateService  : scheduleUpdates
2025-01-29T08:45:38.785+01:00  INFO 30460 --- [scheduling-1] r.neostudy.apiservice.bot.UpdateService  : scheduleUpdates
2025-01-29T08:45:41.784+01:00 DEBUG 30460 --- [scheduling-1] r.n.a.client.DataStorageClientImpl       : Вызов метода getUsersWithoutCourse
2025-01-29T08:45:41.796+01:00  INFO 30460 --- [scheduling-1] r.neostudy.apiservice.bot.UpdateService  : Период сбора заявок открыт
2025-01-29T08:45:53.787+01:00  INFO 30460 --- [scheduling-1] r.neostudy.apiservice.bot.UpdateService  : scheduleUpdates
